0 info it worked if it ends with ok
1 verbose cli [ 'node', '/usr/local/bin/npm', 'install', '-g', 'nib' ]
2 info using npm@1.4.14
3 info using node@v0.10.29
4 verbose cache add [ 'nib', null ]
5 verbose cache add name=undefined spec="nib" args=["nib",null]
6 verbose parsed url { protocol: null,
6 verbose parsed url   slashes: null,
6 verbose parsed url   auth: null,
6 verbose parsed url   host: null,
6 verbose parsed url   port: null,
6 verbose parsed url   hostname: null,
6 verbose parsed url   hash: null,
6 verbose parsed url   search: null,
6 verbose parsed url   query: null,
6 verbose parsed url   pathname: 'nib',
6 verbose parsed url   path: 'nib',
6 verbose parsed url   href: 'nib' }
7 silly lockFile ae909a05-nib nib
8 verbose lock nib /Users/etarrillo/.npm/ae909a05-nib.lock
9 silly lockFile ae909a05-nib nib
10 silly lockFile ae909a05-nib nib
11 verbose addNamed [ 'nib', '' ]
12 verbose addNamed [ null, '*' ]
13 silly lockFile 30a48e40-nib nib@
14 verbose lock nib@ /Users/etarrillo/.npm/30a48e40-nib.lock
15 silly addNameRange { name: 'nib', range: '*', hasData: false }
16 verbose url raw nib
17 verbose url resolving [ 'https://registry.npmjs.org/', './nib' ]
18 verbose url resolved https://registry.npmjs.org/nib
19 info trying registry request attempt 1 at 02:27:40
20 http GET https://registry.npmjs.org/nib
21 http 200 https://registry.npmjs.org/nib
22 silly registry.get cb [ 200,
22 silly registry.get   { date: 'Sun, 22 Jun 2014 07:27:40 GMT',
22 silly registry.get     server: 'CouchDB/1.5.0 (Erlang OTP/R16B03)',
22 silly registry.get     etag: '"AQKGWFKNRZ3M1NFSEJ6UZTCOF"',
22 silly registry.get     'content-type': 'application/json',
22 silly registry.get     'cache-control': 'max-age=30',
22 silly registry.get     'content-length': '24297',
22 silly registry.get     'accept-ranges': 'bytes',
22 silly registry.get     via: '1.1 varnish',
22 silly registry.get     age: '6224',
22 silly registry.get     'x-served-by': 'cache-v36-ASH',
22 silly registry.get     'x-cache': 'HIT',
22 silly registry.get     'x-cache-hits': '1',
22 silly registry.get     'x-timer': 'S1403422060.506004,VS0,VE81',
22 silly registry.get     vary: 'Accept',
22 silly registry.get     'keep-alive': 'timeout=10, max=50',
22 silly registry.get     connection: 'Keep-Alive' } ]
23 silly addNameRange number 2 { name: 'nib', range: '*', hasData: true }
24 silly addNameRange versions [ 'nib',
24 silly addNameRange   [ '0.0.1',
24 silly addNameRange     '0.0.2',
24 silly addNameRange     '0.0.3',
24 silly addNameRange     '0.0.4',
24 silly addNameRange     '0.0.5',
24 silly addNameRange     '0.0.6',
24 silly addNameRange     '0.0.7',
24 silly addNameRange     '0.0.8',
24 silly addNameRange     '0.1.0',
24 silly addNameRange     '0.2.0',
24 silly addNameRange     '0.3.0',
24 silly addNameRange     '0.3.1',
24 silly addNameRange     '0.3.2',
24 silly addNameRange     '0.4.0',
24 silly addNameRange     '0.4.1',
24 silly addNameRange     '0.5.0',
24 silly addNameRange     '0.6.0',
24 silly addNameRange     '0.7.0',
24 silly addNameRange     '0.7.1',
24 silly addNameRange     '0.8.1',
24 silly addNameRange     '0.8.2',
24 silly addNameRange     '0.9.0',
24 silly addNameRange     '0.9.1',
24 silly addNameRange     '0.9.2',
24 silly addNameRange     '1.0.0',
24 silly addNameRange     '1.0.1',
24 silly addNameRange     '1.0.2',
24 silly addNameRange     '1.0.3' ] ]
25 verbose addNamed [ 'nib', '1.0.3' ]
26 verbose addNamed [ '1.0.3', '1.0.3' ]
27 silly lockFile 54883c30-nib-1-0-3 nib@1.0.3
28 verbose lock nib@1.0.3 /Users/etarrillo/.npm/54883c30-nib-1-0-3.lock
29 silly lockFile 982b2200-stry-npmjs-org-nib-nib-1-0-3-tgz https://registry.npmjs.org/nib/-/nib-1.0.3.tgz
30 verbose lock https://registry.npmjs.org/nib/-/nib-1.0.3.tgz /Users/etarrillo/.npm/982b2200-stry-npmjs-org-nib-nib-1-0-3-tgz.lock
31 verbose addRemoteTarball [ 'https://registry.npmjs.org/nib/-/nib-1.0.3.tgz',
31 verbose addRemoteTarball   'ed0a67b9a51dea4a21e3bb8ac6164a3bcbf3befe' ]
32 info retry fetch attempt 1 at 02:27:41
33 verbose fetch to= /var/folders/vw/9k_s6z9d3rl_t91c797r2th00000gn/T/npm-3129-I8vTodxo/registry.npmjs.org/nib/-/nib-1.0.3.tgz
34 http GET https://registry.npmjs.org/nib/-/nib-1.0.3.tgz
35 http 200 https://registry.npmjs.org/nib/-/nib-1.0.3.tgz
36 silly lockFile 982b2200-stry-npmjs-org-nib-nib-1-0-3-tgz https://registry.npmjs.org/nib/-/nib-1.0.3.tgz
37 silly lockFile 982b2200-stry-npmjs-org-nib-nib-1-0-3-tgz https://registry.npmjs.org/nib/-/nib-1.0.3.tgz
38 silly lockFile 54883c30-nib-1-0-3 nib@1.0.3
39 silly lockFile 54883c30-nib-1-0-3 nib@1.0.3
40 silly lockFile 30a48e40-nib nib@
41 silly lockFile 30a48e40-nib nib@
42 silly resolved [ { name: 'nib',
42 silly resolved     description: 'Stylus mixins and utilities',
42 silly resolved     version: '1.0.3',
42 silly resolved     license: 'MIT',
42 silly resolved     repository: { type: 'git', url: 'git://github.com/visionmedia/nib.git' },
42 silly resolved     dependencies: { stylus: '~0.37.0' },
42 silly resolved     devDependencies: { connect: '1.x', jade: '0.22.0', mocha: '*', should: '*' },
42 silly resolved     author: { name: 'TJ Holowaychuk', email: 'tj@vision-media.ca' },
42 silly resolved     main: 'lib/nib.js',
42 silly resolved     engines: { node: '*' },
42 silly resolved     scripts: { test: 'mocha', 'test-server': 'node test/server.js' },
42 silly resolved     bugs: { url: 'https://github.com/visionmedia/nib/issues' },
42 silly resolved     homepage: 'https://github.com/visionmedia/nib',
42 silly resolved     _id: 'nib@1.0.3',
42 silly resolved     _shasum: 'ed0a67b9a51dea4a21e3bb8ac6164a3bcbf3befe',
42 silly resolved     _from: 'nib@',
42 silly resolved     _npmVersion: '1.4.9',
42 silly resolved     _npmUser: { name: 'slang800', email: 'slang800@gmail.com' },
42 silly resolved     maintainers: [ [Object], [Object] ],
42 silly resolved     dist:
42 silly resolved      { shasum: 'ed0a67b9a51dea4a21e3bb8ac6164a3bcbf3befe',
42 silly resolved        tarball: 'http://registry.npmjs.org/nib/-/nib-1.0.3.tgz' },
42 silly resolved     directories: {},
42 silly resolved     _resolved: 'https://registry.npmjs.org/nib/-/nib-1.0.3.tgz' } ]
43 info install nib@1.0.3 into /usr/local/lib
44 info installOne nib@1.0.3
45 info /usr/local/lib/node_modules/nib unbuild
46 verbose tar unpack /Users/etarrillo/.npm/nib/1.0.3/package.tgz
47 silly lockFile 55e836be-r-usr-local-lib-node-modules-nib tar:///usr/local/lib/node_modules/nib
48 verbose lock tar:///usr/local/lib/node_modules/nib /Users/etarrillo/.npm/55e836be-r-usr-local-lib-node-modules-nib.lock
49 silly lockFile 5d478510-rrillo-npm-nib-1-0-3-package-tgz tar:///Users/etarrillo/.npm/nib/1.0.3/package.tgz
50 verbose lock tar:///Users/etarrillo/.npm/nib/1.0.3/package.tgz /Users/etarrillo/.npm/5d478510-rrillo-npm-nib-1-0-3-package-tgz.lock
51 silly gunzTarPerm modes [ '755', '644' ]
52 error Error: EACCES, mkdir '/usr/local/lib/node_modules/nib'
52 error  { [Error: EACCES, mkdir '/usr/local/lib/node_modules/nib']
52 error   errno: 3,
52 error   code: 'EACCES',
52 error   path: '/usr/local/lib/node_modules/nib',
52 error   fstream_type: 'Directory',
52 error   fstream_path: '/usr/local/lib/node_modules/nib',
52 error   fstream_class: 'DirWriter',
52 error   fstream_stack:
52 error    [ '/usr/local/lib/node_modules/npm/node_modules/fstream/lib/dir-writer.js:36:23',
52 error      '/usr/local/lib/node_modules/npm/node_modules/mkdirp/index.js:37:53',
52 error      'Object.oncomplete (fs.js:107:15)' ] }
53 error Please try running this command again as root/Administrator.
54 error System Darwin 13.0.0
55 error command "node" "/usr/local/bin/npm" "install" "-g" "nib"
56 error cwd /Users/etarrillo/dev/localhost/web-gerencia
57 error node -v v0.10.29
58 error npm -v 1.4.14
59 error path /usr/local/lib/node_modules/nib
60 error fstream_path /usr/local/lib/node_modules/nib
61 error fstream_type Directory
62 error fstream_class DirWriter
63 error code EACCES
64 error errno 3
65 error stack Error: EACCES, mkdir '/usr/local/lib/node_modules/nib'
66 error fstream_stack /usr/local/lib/node_modules/npm/node_modules/fstream/lib/dir-writer.js:36:23
66 error fstream_stack /usr/local/lib/node_modules/npm/node_modules/mkdirp/index.js:37:53
66 error fstream_stack Object.oncomplete (fs.js:107:15)
67 verbose exit [ 3, true ]
